<?xml version="1.0" encoding="UTF-8"?>
<!-- Generated by org.testng.reporters.JUnitReportReporter -->
<testsuite hostname="puneet" failures="0" tests="3" name="com.api.testcases.PostTest" time="28.693" errors="0" timestamp="28 Mar 2020 12:39:58 GMT" skipped="0">
  <testcase classname="com.api.testcases.PostTest" name="verifystatuscode" time="20.026"/>
  <testcase classname="com.api.testcases.PostTest" name="getResponse" time="0.835"/>
  <testcase classname="com.api.testcases.PostTest" name="validateResponse" time="7.832"/>
</testsuite> <!-- com.api.testcases.PostTest -->
