<?xml version="1.0" encoding="UTF-8"?>
<!-- Generated by org.testng.reporters.JUnitReportReporter -->
<testsuite hostname="puneet" failures="0" tests="2" name="com.api.testcases.CoronoApiTest" time="23.406" errors="0" timestamp="13 Apr 2020 05:29:45 GMT" skipped="0">
  <testcase classname="com.api.testcases.CoronoApiTest" name="getCoronoCasesIndia" time="15.641"/>
  <testcase classname="com.api.testcases.CoronoApiTest" name="getCoronoCasesUSA" time="7.765"/>
</testsuite> <!-- com.api.testcases.CoronoApiTest -->
