<?xml version="1.0" encoding="UTF-8"?>
<!-- Generated by org.testng.reporters.JUnitReportReporter -->
<testsuite hostname="puneet" failures="0" tests="1" name="com.api.testcases.DeleteTest" time="3.215" errors="0" timestamp="07 Apr 2020 14:46:37 GMT" skipped="0">
  <testcase classname="com.api.testcases.DeleteTest" name="deleterecord" time="3.215"/>
</testsuite> <!-- com.api.testcases.DeleteTest -->
