<?xml version="1.0" encoding="UTF-8"?>
<!-- Generated by org.testng.reporters.JUnitReportReporter -->
<testsuite hostname="puneet" failures="0" tests="3" name="com.api.testcases.GetApiTest" time="6.277" errors="0" timestamp="29 Mar 2020 13:55:08 GMT" skipped="2">
  <testcase classname="com.api.testcases.GetApiTest" name="validateAuthentication" time="6.277"/>
  <testcase classname="com.api.testcases.GetApiTest" name="printAllHeaders">
    <skipped/>
  </testcase> <!-- printAllHeaders -->
  <testcase classname="com.api.testcases.GetApiTest" name="validateResponse">
    <skipped/>
  </testcase> <!-- validateResponse -->
</testsuite> <!-- com.api.testcases.GetApiTest -->
