<?xml version="1.0" encoding="UTF-8"?>
<!-- Generated by org.testng.reporters.JUnitReportReporter -->
<testsuite skipped="0" hostname="Chetuiwk1258" name="com.crm.TestCases.CrmCompanyTest" tests="1" failures="0" timestamp="16 Jan 2020 14:10:54 GMT" time="29.057" errors="0">
  <testcase name="verifyaddnewcompany" time="29.057" classname="com.crm.TestCases.CrmCompanyTest"/>
</testsuite> <!-- com.crm.TestCases.CrmCompanyTest -->
