<?xml version="1.0" encoding="UTF-8"?>
<!-- Generated by org.testng.reporters.JUnitReportReporter -->
<testsuite skipped="0" hostname="Chetuiwk1258" name="com.crm.TestCases.CrmLoginTest" tests="4" failures="0" timestamp="03 Jan 2020 12:55:58 GMT" time="63.187" errors="0">
  <testcase name="verifylogin" time="18.515" classname="com.crm.TestCases.CrmLoginTest"/>
  <testcase name="verifyusername" time="14.531" classname="com.crm.TestCases.CrmLoginTest"/>
  <testcase name="verifypassword" time="15.788" classname="com.crm.TestCases.CrmLoginTest"/>
  <testcase name="verifyforgotpassword" time="14.353" classname="com.crm.TestCases.CrmLoginTest"/>
</testsuite> <!-- com.crm.TestCases.CrmLoginTest -->
