<?xml version="1.0" encoding="UTF-8"?>
<!-- Generated by org.testng.reporters.JUnitReportReporter -->
<testsuite hostname="puneet" failures="0" tests="4" name="com.crm.TestCases.CrmLoginTest" time="123.508" errors="0" timestamp="18 Jan 2020 06:17:46 GMT" skipped="0">
  <testcase classname="com.crm.TestCases.CrmLoginTest" name="verifylogin" time="52.615"/>
  <testcase classname="com.crm.TestCases.CrmLoginTest" name="verifyusername" time="23.750"/>
  <testcase classname="com.crm.TestCases.CrmLoginTest" name="verifypassword" time="18.544"/>
  <testcase classname="com.crm.TestCases.CrmLoginTest" name="verifyforgotpassword" time="28.599"/>
</testsuite> <!-- com.crm.TestCases.CrmLoginTest -->
