<?xml version="1.0" encoding="UTF-8"?>
<!-- Generated by org.testng.reporters.JUnitReportReporter -->
<testsuite hostname="puneet" failures="0" tests="4" name="com.crm.TestCases.CrmLoginTest" time="64.617" errors="0" timestamp="09 May 2020 06:40:46 GMT" skipped="0">
  <testcase classname="com.crm.TestCases.CrmLoginTest" name="verifylogin" time="30.449"/>
  <testcase classname="com.crm.TestCases.CrmLoginTest" name="verifyusername" time="9.367"/>
  <testcase classname="com.crm.TestCases.CrmLoginTest" name="verifypassword" time="10.367"/>
  <testcase classname="com.crm.TestCases.CrmLoginTest" name="verifyforgotpassword" time="14.434"/>
</testsuite> <!-- com.crm.TestCases.CrmLoginTest -->
