<?xml version="1.0" encoding="UTF-8"?>
<!-- Generated by org.testng.reporters.JUnitReportReporter -->
<testsuite skipped="0" hostname="Chetuiwk1258" name="com.crm.TestCases.CrmDashboardTest" tests="5" failures="0" timestamp="16 Jan 2020 14:10:54 GMT" time="87.892" errors="0">
  <testcase name="verifycontactpagenavigation" time="18.106" classname="com.crm.TestCases.CrmDashboardTest"/>
  <testcase name="verifycompanypagenavigation" time="17.732" classname="com.crm.TestCases.CrmDashboardTest"/>
  <testcase name="verifydealspagenavigation" time="17.476" classname="com.crm.TestCases.CrmDashboardTest"/>
  <testcase name="verifytaskspagenavigation" time="16.522" classname="com.crm.TestCases.CrmDashboardTest"/>
  <testcase name="verifycasespagenavigation" time="18.056" classname="com.crm.TestCases.CrmDashboardTest"/>
</testsuite> <!-- com.crm.TestCases.CrmDashboardTest -->
