<?xml version="1.0" encoding="UTF-8"?>
<!-- Generated by org.testng.reporters.JUnitReportReporter -->
<testsuite skipped="0" hostname="Chetuiwk1258" name="com.crm.TestCases.CrmLoginTest" tests="4" failures="0" timestamp="16 Jan 2020 14:10:54 GMT" time="59.600" errors="0">
  <testcase name="verifylogin" time="16.547" classname="com.crm.TestCases.CrmLoginTest"/>
  <testcase name="verifyusername" time="14.288" classname="com.crm.TestCases.CrmLoginTest"/>
  <testcase name="verifypassword" time="14.833" classname="com.crm.TestCases.CrmLoginTest"/>
  <testcase name="verifyforgotpassword" time="13.932" classname="com.crm.TestCases.CrmLoginTest"/>
</testsuite> <!-- com.crm.TestCases.CrmLoginTest -->
