<?xml version="1.0" encoding="UTF-8"?>
<!-- Generated by org.testng.reporters.JUnitReportReporter -->
<testsuite skipped="0" hostname="Chetuiwk1258" name="com.crm.TestCases.CrmCompanyTest" tests="1" failures="0" timestamp="15 Jan 2020 08:39:38 GMT" time="24.137" errors="0">
  <testcase name="verifyaddnewcompany" time="24.137" classname="com.crm.TestCases.CrmCompanyTest"/>
</testsuite> <!-- com.crm.TestCases.CrmCompanyTest -->
