<?xml version="1.0" encoding="UTF-8"?>
<!-- Generated by org.testng.reporters.JUnitReportReporter -->
<testsuite skipped="1" hostname="Chetuiwk1258" name="com.qa.digi.TestCases.DoctorAddPrescriptionTest" tests="6" failures="0" timestamp="21 Oct 2019 17:20:36 GMT" time="457.055" errors="0">
  <testcase name="validateaddcontactlens" time="77.756" classname="com.qa.digi.TestCases.DoctorAddPrescriptionTest"/>
  <testcase name="validateaddcontactlens" time="82.537" classname="com.qa.digi.TestCases.DoctorAddPrescriptionTest"/>
  <testcase name="validateaddcontactlens" time="92.065" classname="com.qa.digi.TestCases.DoctorAddPrescriptionTest"/>
  <testcase name="validateaddcontactlens" time="99.556" classname="com.qa.digi.TestCases.DoctorAddPrescriptionTest"/>
  <testcase name="validateaddcontactlens" time="105.141" classname="com.qa.digi.TestCases.DoctorAddPrescriptionTest"/>
  <testcase name="navigatetoviewexampage" classname="com.qa.digi.TestCases.DoctorAddPrescriptionTest">
    <skipped/>
  </testcase> <!-- navigatetoviewexampage -->
</testsuite> <!-- com.qa.digi.TestCases.DoctorAddPrescriptionTest -->
