<?xml version="1.0" encoding="UTF-8"?>
<!-- Generated by org.testng.reporters.JUnitReportReporter -->
<testsuite skipped="0" hostname="Chetuiwk1258" name="com.qa.digi.TestCases.DoctorDashboardTest" tests="1" failures="0" timestamp="18 Oct 2019 11:23:49 GMT" time="38.533" errors="0">
  <testcase name="navigatetoviewexampage" time="38.533" classname="com.qa.digi.TestCases.DoctorDashboardTest"/>
</testsuite> <!-- com.qa.digi.TestCases.DoctorDashboardTest -->
