<?xml version="1.0" encoding="UTF-8"?>
<!-- Generated by org.testng.reporters.JUnitReportReporter -->
<testsuite hostname="puneet" failures="0" tests="1" name="com.amazon.Test.AmazonDashboardTest" time="46.925" errors="0" timestamp="30 Jan 2020 13:02:02 GMT" skipped="0">
  <testcase classname="com.amazon.Test.AmazonDashboardTest" name="verifyloginpage" time="46.925"/>
</testsuite> <!-- com.amazon.Test.AmazonDashboardTest -->
